<?xml version="1.0" encoding="UTF-8"?>
<!-- Generated by org.testng.reporters.JUnitXMLReporter -->
<testsuite hostname="DESKTOP-D4SHPE1" name="Login_testcase" tests="3" failures="0" timestamp="24 Mar 2021 05:02:40 GMT" time="72.582" errors="0">
  <testcase name="login_with_incorrect_password" time="2.553" classname="com.srd.stepdefinition.login_page_test_cases"/>
  <testcase name="login_with_correct__username_password" time="9.882" classname="com.srd.stepdefinition.login_page_test_cases"/>
  <testcase name="Forget_password" time="0.003" classname="com.srd.stepdefinition.login_page_test_cases"/>
</testsuite> <!-- Login_testcase -->
