<?xml version="1.0" encoding="UTF-8"?>
<!-- Generated by org.testng.reporters.JUnitXMLReporter -->
<testsuite hostname="DESKTOP-D4SHPE1" name="Login_testcase" tests="3" failures="0" timestamp="25 Mar 2021 07:05:46 GMT" time="323.825" errors="0">
  <testcase name="login_with_incorrect_password" time="1.399" classname="com.srd.stepdefinition.login_page_test_cases"/>
  <testcase name="login_with_correct__username_password" time="30.213" classname="com.srd.stepdefinition.login_page_test_cases"/>
  <testcase name="Forget_password" time="0.002" classname="com.srd.stepdefinition.login_page_test_cases"/>
</testsuite> <!-- Login_testcase -->
