<?xml version="1.0" encoding="UTF-8"?>
<testng-results skipped="0" failed="0" total="3" passed="3">
  <reporter-output>
  </reporter-output>
  <suite name="SRDlogistics" duration-ms="73615" started-at="2021-03-26T06:20:18Z" finished-at="2021-03-26T06:21:31Z">
    <groups>
    </groups>
    <test name="Test" duration-ms="28" started-at="2021-03-26T06:20:18Z" finished-at="2021-03-26T06:20:18Z">
    </test> <!-- Test -->
    <test name="Login_testcase" duration-ms="73553" started-at="2021-03-26T06:20:18Z" finished-at="2021-03-26T06:21:31Z">
      <class name="com.srd.stepdefinition.login_page_test_cases">
        <test-method status="PASS" signature="browser(java.lang.String)[pri:0, instance:com.srd.stepdefinition.login_page_test_cases@6a024a67]" name="browser" is-config="true" duration-ms="20981" started-at="2021-03-26T11:50:18Z" finished-at="2021-03-26T11:50:39Z">
          <params>
            <param index="0">
              <value>
                <![CDATA[http://qa.appsrdlogistics.com/]]>
              </value>
            </param>
          </params>
          <reporter-output>
          </reporter-output>
        </test-method> <!-- browser -->
        <test-method status="PASS" signature="login_with_incorrect_password(java.lang.String, java.lang.String, java.lang.String)[pri:0, instance:com.srd.stepdefinition.login_page_test_cases@6a024a67]" name="login_with_incorrect_password" duration-ms="2939" started-at="2021-03-26T11:50:39Z" finished-at="2021-03-26T11:50:42Z">
          <params>
            <param index="0">
              <value>
                <![CDATA[iqbal]]>
              </value>
            </param>
            <param index="1">
              <value>
                <![CDATA[xxxx]]>
              </value>
            </param>
            <param index="2">
              <value>
                <![CDATA[Incorrect Username or Password, please check login credential and try again.]]>
              </value>
            </param>
          </params>
          <reporter-output>
          </reporter-output>
        </test-method> <!-- login_with_incorrect_password -->
        <test-method status="PASS" signature="close()[pri:0, instance:com.srd.stepdefinition.login_page_test_cases@6a024a67]" name="close" is-config="true" duration-ms="360" started-at="2021-03-26T11:50:42Z" finished-at="2021-03-26T11:50:42Z">
          <reporter-output>
          </reporter-output>
        </test-method> <!-- close -->
        <test-method status="PASS" signature="browser(java.lang.String)[pri:0, instance:com.srd.stepdefinition.login_page_test_cases@6a024a67]" name="browser" is-config="true" duration-ms="17695" started-at="2021-03-26T11:50:42Z" finished-at="2021-03-26T11:51:00Z">
          <params>
            <param index="0">
              <value>
                <![CDATA[http://qa.appsrdlogistics.com/]]>
              </value>
            </param>
          </params>
          <reporter-output>
          </reporter-output>
        </test-method> <!-- browser -->
        <test-method status="PASS" signature="login_with_correct__username_password(java.lang.String, java.lang.String, java.lang.String)[pri:0, instance:com.srd.stepdefinition.login_page_test_cases@6a024a67]" name="login_with_correct__username_password" duration-ms="11914" started-at="2021-03-26T11:51:00Z" finished-at="2021-03-26T11:51:12Z">
          <params>
            <param index="0">
              <value>
                <![CDATA[iqbal]]>
              </value>
            </param>
            <param index="1">
              <value>
                <![CDATA[4646]]>
              </value>
            </param>
            <param index="2">
              <value>
                <![CDATA[http://qa.appsrdlogistics.com/dashboard/classic]]>
              </value>
            </param>
          </params>
          <reporter-output>
          </reporter-output>
        </test-method> <!-- login_with_correct__username_password -->
        <test-method status="PASS" signature="close()[pri:0, instance:com.srd.stepdefinition.login_page_test_cases@6a024a67]" name="close" is-config="true" duration-ms="194" started-at="2021-03-26T11:51:12Z" finished-at="2021-03-26T11:51:12Z">
          <reporter-output>
          </reporter-output>
        </test-method> <!-- close -->
        <test-method status="PASS" signature="browser(java.lang.String)[pri:0, instance:com.srd.stepdefinition.login_page_test_cases@6a024a67]" name="browser" is-config="true" duration-ms="19336" started-at="2021-03-26T11:51:12Z" finished-at="2021-03-26T11:51:31Z">
          <params>
            <param index="0">
              <value>
                <![CDATA[http://qa.appsrdlogistics.com/]]>
              </value>
            </param>
          </params>
          <reporter-output>
          </reporter-output>
        </test-method> <!-- browser -->
        <test-method status="PASS" signature="Forget_password(java.lang.String, java.lang.String)[pri:0, instance:com.srd.stepdefinition.login_page_test_cases@6a024a67]" name="Forget_password" duration-ms="1" started-at="2021-03-26T11:51:31Z" finished-at="2021-03-26T11:51:31Z">
          <params>
            <param index="0">
              <value>
                <![CDATA[iqbal]]>
              </value>
            </param>
            <param index="1">
              <value>
                <![CDATA[4646]]>
              </value>
            </param>
          </params>
          <reporter-output>
          </reporter-output>
        </test-method> <!-- Forget_password -->
        <test-method status="PASS" signature="close()[pri:0, instance:com.srd.stepdefinition.login_page_test_cases@6a024a67]" name="close" is-config="true" duration-ms="108" started-at="2021-03-26T11:51:31Z" finished-at="2021-03-26T11:51:31Z">
          <reporter-output>
          </reporter-output>
        </test-method> <!-- close -->
      </class> <!-- com.srd.stepdefinition.login_page_test_cases -->
    </test> <!-- Login_testcase -->
  </suite> <!-- SRDlogistics -->
</testng-results>
