<?xml version="1.0" encoding="UTF-8"?>
<testng-results skipped="0" failed="1" total="3" passed="2">
  <reporter-output>
    <line>
      <![CDATA[Screenshots]]>
    </line>
    <line>
      <![CDATA[<a href=C:\Users\EIT-JAGADESHAN\eclipse-workspace\SRDlogin_with_correct__username_password[25_03_2021_12_41_38].png> <img width='200' height='100' src=C:\Users\EIT-JAGADESHAN\eclipse-workspace\SRDlogin_with_correct__username_password[25_03_2021_12_41_38].png> </a>]]>
    </line>
  </reporter-output>
  <suite name="SRDlogistics" duration-ms="431425" started-at="2021-03-25T07:06:38Z" finished-at="2021-03-25T07:13:50Z">
    <groups>
    </groups>
    <test name="Test" duration-ms="4" started-at="2021-03-25T07:06:38Z" finished-at="2021-03-25T07:06:38Z">
    </test> <!-- Test -->
    <test name="Login_testcase" duration-ms="431391" started-at="2021-03-25T07:06:38Z" finished-at="2021-03-25T07:13:50Z">
      <class name="com.srd.stepdefinition.login_page_test_cases">
        <test-method status="PASS" signature="browser(java.lang.String)[pri:0, instance:com.srd.stepdefinition.login_page_test_cases@6a024a67]" name="browser" is-config="true" duration-ms="98447" started-at="2021-03-25T12:36:38Z" finished-at="2021-03-25T12:38:17Z">
          <params>
            <param index="0">
              <value>
                <![CDATA[http://qa.appsrdlogistics.com/]]>
              </value>
            </param>
          </params>
          <reporter-output>
          </reporter-output>
        </test-method> <!-- browser -->
        <test-method status="PASS" signature="login_with_incorrect_password(java.lang.String, java.lang.String, java.lang.String)[pri:0, instance:com.srd.stepdefinition.login_page_test_cases@6a024a67]" name="login_with_incorrect_password" duration-ms="1349" started-at="2021-03-25T12:38:17Z" finished-at="2021-03-25T12:38:18Z">
          <params>
            <param index="0">
              <value>
                <![CDATA[iqbal]]>
              </value>
            </param>
            <param index="1">
              <value>
                <![CDATA[xxxx]]>
              </value>
            </param>
            <param index="2">
              <value>
                <![CDATA[Incorrect Username or Password, please check login credential and try again.]]>
              </value>
            </param>
          </params>
          <reporter-output>
          </reporter-output>
        </test-method> <!-- login_with_incorrect_password -->
        <test-method status="PASS" signature="close()[pri:0, instance:com.srd.stepdefinition.login_page_test_cases@6a024a67]" name="close" is-config="true" duration-ms="323" started-at="2021-03-25T12:38:18Z" finished-at="2021-03-25T12:38:18Z">
          <reporter-output>
          </reporter-output>
        </test-method> <!-- close -->
        <test-method status="PASS" signature="browser(java.lang.String)[pri:0, instance:com.srd.stepdefinition.login_page_test_cases@6a024a67]" name="browser" is-config="true" duration-ms="138285" started-at="2021-03-25T12:38:18Z" finished-at="2021-03-25T12:40:37Z">
          <params>
            <param index="0">
              <value>
                <![CDATA[http://qa.appsrdlogistics.com/]]>
              </value>
            </param>
          </params>
          <reporter-output>
          </reporter-output>
        </test-method> <!-- browser -->
        <test-method status="FAIL" signature="login_with_correct__username_password(java.lang.String, java.lang.String, java.lang.String)[pri:0, instance:com.srd.stepdefinition.login_page_test_cases@6a024a67]" name="login_with_correct__username_password" duration-ms="60466" started-at="2021-03-25T12:40:37Z" finished-at="2021-03-25T12:41:37Z">
          <params>
            <param index="0">
              <value>
                <![CDATA[iqbal]]>
              </value>
            </param>
            <param index="1">
              <value>
                <![CDATA[4646]]>
              </value>
            </param>
            <param index="2">
              <value>
                <![CDATA[http://qa.appsrdlogistics.com/dashboard/classic]]>
              </value>
            </param>
          </params>
          <exception class="org.openqa.selenium.TimeoutException">
            <message>
              <![CDATA[Expected condition failed: waiting for url to be "http://qa.appsrdlogistics.com/dashboard/classic". Current url: "http://qa.appsrdlogistics.com/authentication/login" (tried for 60 second(s) with 500 milliseconds interval)
Build info: version: '4.0.0-alpha-2', revision: 'f148142cf8', time: '2019-07-01T20:55:26'
System info: host: 'DESKTOP-D4SHPE1', ip: '192.168.1.102', os.name: 'Windows 10', os.arch: 'amd64', os.version: '10.0', java.version: '1.8.0_181'
Driver info: driver.version: unknown]]>
            </message>
            <full-stacktrace>
              <![CDATA[org.openqa.selenium.TimeoutException: Expected condition failed: waiting for url to be "http://qa.appsrdlogistics.com/dashboard/classic". Current url: "http://qa.appsrdlogistics.com/authentication/login" (tried for 60 second(s) with 500 milliseconds interval)
Build info: version: '4.0.0-alpha-2', revision: 'f148142cf8', time: '2019-07-01T20:55:26'
System info: host: 'DESKTOP-D4SHPE1', ip: '192.168.1.102', os.name: 'Windows 10', os.arch: 'amd64', os.version: '10.0', java.version: '1.8.0_181'
Driver info: driver.version: unknown
	at org.openqa.selenium.support.ui.FluentWait.timeoutException(FluentWait.java:266)
	at org.openqa.selenium.support.ui.FluentWait.until(FluentWait.java:234)
	at com.srd.resource.base.urlwait(base.java:83)
	at com.srd.stepdefinition.login_page_test_cases.login_with_correct__username_password(login_page_test_cases.java:39)
	at sun.reflect.NativeMethodAccessorImpl.invoke0(Native Method)
	at sun.reflect.NativeMethodAccessorImpl.invoke(NativeMethodAccessorImpl.java:62)
	at sun.reflect.DelegatingMethodAccessorImpl.invoke(DelegatingMethodAccessorImpl.java:43)
	at java.lang.reflect.Method.invoke(Method.java:498)
	at org.testng.internal.MethodInvocationHelper.invokeMethod(MethodInvocationHelper.java:84)
	at org.testng.internal.Invoker.invokeMethod(Invoker.java:714)
	at org.testng.internal.Invoker.invokeTestMethod(Invoker.java:901)
	at org.testng.internal.Invoker.invokeTestMethods(Invoker.java:1231)
	at org.testng.internal.TestMethodWorker.invokeTestMethods(TestMethodWorker.java:127)
	at org.testng.internal.TestMethodWorker.run(TestMethodWorker.java:111)
	at org.testng.TestRunner.privateRun(TestRunner.java:767)
	at org.testng.TestRunner.run(TestRunner.java:617)
	at org.testng.SuiteRunner.runTest(SuiteRunner.java:334)
	at org.testng.SuiteRunner.runSequentially(SuiteRunner.java:329)
	at org.testng.SuiteRunner.privateRun(SuiteRunner.java:291)
	at org.testng.SuiteRunner.run(SuiteRunner.java:240)
	at org.testng.SuiteRunnerWorker.runSuite(SuiteRunnerWorker.java:52)
	at org.testng.SuiteRunnerWorker.run(SuiteRunnerWorker.java:86)
	at org.testng.TestNG.runSuitesSequentially(TestNG.java:1224)
	at org.testng.TestNG.runSuitesLocally(TestNG.java:1149)
	at org.testng.TestNG.run(TestNG.java:1057)
	at org.apache.maven.surefire.testng.TestNGExecutor.run(TestNGExecutor.java:283)
	at org.apache.maven.surefire.testng.TestNGXmlTestSuite.execute(TestNGXmlTestSuite.java:75)
	at org.apache.maven.surefire.testng.TestNGProvider.invoke(TestNGProvider.java:120)
	at org.apache.maven.surefire.booter.ForkedBooter.invokeProviderInSameClassLoader(ForkedBooter.java:373)
	at org.apache.maven.surefire.booter.ForkedBooter.runSuitesInProcess(ForkedBooter.java:334)
	at org.apache.maven.surefire.booter.ForkedBooter.execute(ForkedBooter.java:119)
	at org.apache.maven.surefire.booter.ForkedBooter.main(ForkedBooter.java:407)
]]>
            </full-stacktrace>
          </exception> <!-- org.openqa.selenium.TimeoutException -->
          <reporter-output>
            <line>
              <![CDATA[Screenshots]]>
            </line>
            <line>
              <![CDATA[<a href=C:\Users\EIT-JAGADESHAN\eclipse-workspace\SRDlogin_with_correct__username_password[25_03_2021_12_41_38].png> <img width='200' height='100' src=C:\Users\EIT-JAGADESHAN\eclipse-workspace\SRDlogin_with_correct__username_password[25_03_2021_12_41_38].png> </a>]]>
            </line>
          </reporter-output>
        </test-method> <!-- login_with_correct__username_password -->
        <test-method status="PASS" signature="close()[pri:0, instance:com.srd.stepdefinition.login_page_test_cases@6a024a67]" name="close" is-config="true" duration-ms="113" started-at="2021-03-25T12:41:38Z" finished-at="2021-03-25T12:41:38Z">
          <reporter-output>
          </reporter-output>
        </test-method> <!-- close -->
        <test-method status="PASS" signature="browser(java.lang.String)[pri:0, instance:com.srd.stepdefinition.login_page_test_cases@6a024a67]" name="browser" is-config="true" duration-ms="131113" started-at="2021-03-25T12:41:38Z" finished-at="2021-03-25T12:43:49Z">
          <params>
            <param index="0">
              <value>
                <![CDATA[http://qa.appsrdlogistics.com/]]>
              </value>
            </param>
          </params>
          <reporter-output>
          </reporter-output>
        </test-method> <!-- browser -->
        <test-method status="PASS" signature="Forget_password(java.lang.String, java.lang.String)[pri:0, instance:com.srd.stepdefinition.login_page_test_cases@6a024a67]" name="Forget_password" duration-ms="1" started-at="2021-03-25T12:43:49Z" finished-at="2021-03-25T12:43:49Z">
          <params>
            <param index="0">
              <value>
                <![CDATA[iqbal]]>
              </value>
            </param>
            <param index="1">
              <value>
                <![CDATA[4646]]>
              </value>
            </param>
          </params>
          <reporter-output>
          </reporter-output>
        </test-method> <!-- Forget_password -->
        <test-method status="PASS" signature="close()[pri:0, instance:com.srd.stepdefinition.login_page_test_cases@6a024a67]" name="close" is-config="true" duration-ms="99" started-at="2021-03-25T12:43:49Z" finished-at="2021-03-25T12:43:50Z">
          <reporter-output>
          </reporter-output>
        </test-method> <!-- close -->
      </class> <!-- com.srd.stepdefinition.login_page_test_cases -->
    </test> <!-- Login_testcase -->
  </suite> <!-- SRDlogistics -->
</testng-results>
