<?xml version="1.0" encoding="UTF-8"?>
<testng-results skipped="0" failed="0" total="3" passed="3">
  <reporter-output>
  </reporter-output>
  <suite name="SRDlogistics" duration-ms="323877" started-at="2021-03-25T07:00:22Z" finished-at="2021-03-25T07:05:46Z">
    <groups>
    </groups>
    <test name="Test" duration-ms="13" started-at="2021-03-25T07:00:22Z" finished-at="2021-03-25T07:00:22Z">
    </test> <!-- Test -->
    <test name="Login_testcase" duration-ms="323825" started-at="2021-03-25T07:00:22Z" finished-at="2021-03-25T07:05:46Z">
      <class name="com.srd.stepdefinition.login_page_test_cases">
        <test-method status="PASS" signature="browser(java.lang.String)[pri:0, instance:com.srd.stepdefinition.login_page_test_cases@3f49dace]" name="browser" is-config="true" duration-ms="119634" started-at="2021-03-25T12:30:22Z" finished-at="2021-03-25T12:32:22Z">
          <params>
            <param index="0">
              <value>
                <![CDATA[http://qa.appsrdlogistics.com/]]>
              </value>
            </param>
          </params>
          <reporter-output>
          </reporter-output>
        </test-method> <!-- browser -->
        <test-method status="PASS" signature="login_with_incorrect_password(java.lang.String, java.lang.String, java.lang.String)[pri:0, instance:com.srd.stepdefinition.login_page_test_cases@3f49dace]" name="login_with_incorrect_password" duration-ms="1399" started-at="2021-03-25T12:32:22Z" finished-at="2021-03-25T12:32:23Z">
          <params>
            <param index="0">
              <value>
                <![CDATA[iqbal]]>
              </value>
            </param>
            <param index="1">
              <value>
                <![CDATA[xxxx]]>
              </value>
            </param>
            <param index="2">
              <value>
                <![CDATA[Incorrect Username or Password, please check login credential and try again.]]>
              </value>
            </param>
          </params>
          <reporter-output>
          </reporter-output>
        </test-method> <!-- login_with_incorrect_password -->
        <test-method status="PASS" signature="close()[pri:0, instance:com.srd.stepdefinition.login_page_test_cases@3f49dace]" name="close" is-config="true" duration-ms="225" started-at="2021-03-25T12:32:23Z" finished-at="2021-03-25T12:32:23Z">
          <reporter-output>
          </reporter-output>
        </test-method> <!-- close -->
        <test-method status="PASS" signature="browser(java.lang.String)[pri:0, instance:com.srd.stepdefinition.login_page_test_cases@3f49dace]" name="browser" is-config="true" duration-ms="84990" started-at="2021-03-25T12:32:23Z" finished-at="2021-03-25T12:33:48Z">
          <params>
            <param index="0">
              <value>
                <![CDATA[http://qa.appsrdlogistics.com/]]>
              </value>
            </param>
          </params>
          <reporter-output>
          </reporter-output>
        </test-method> <!-- browser -->
        <test-method status="PASS" signature="login_with_correct__username_password(java.lang.String, java.lang.String, java.lang.String)[pri:0, instance:com.srd.stepdefinition.login_page_test_cases@3f49dace]" name="login_with_correct__username_password" duration-ms="30213" started-at="2021-03-25T12:33:48Z" finished-at="2021-03-25T12:34:18Z">
          <params>
            <param index="0">
              <value>
                <![CDATA[iqbal]]>
              </value>
            </param>
            <param index="1">
              <value>
                <![CDATA[4646]]>
              </value>
            </param>
            <param index="2">
              <value>
                <![CDATA[http://qa.appsrdlogistics.com/dashboard/classic]]>
              </value>
            </param>
          </params>
          <reporter-output>
          </reporter-output>
        </test-method> <!-- login_with_correct__username_password -->
        <test-method status="PASS" signature="close()[pri:0, instance:com.srd.stepdefinition.login_page_test_cases@3f49dace]" name="close" is-config="true" duration-ms="134" started-at="2021-03-25T12:34:18Z" finished-at="2021-03-25T12:34:18Z">
          <reporter-output>
          </reporter-output>
        </test-method> <!-- close -->
        <test-method status="PASS" signature="browser(java.lang.String)[pri:0, instance:com.srd.stepdefinition.login_page_test_cases@3f49dace]" name="browser" is-config="true" duration-ms="86949" started-at="2021-03-25T12:34:18Z" finished-at="2021-03-25T12:35:45Z">
          <params>
            <param index="0">
              <value>
                <![CDATA[http://qa.appsrdlogistics.com/]]>
              </value>
            </param>
          </params>
          <reporter-output>
          </reporter-output>
        </test-method> <!-- browser -->
        <test-method status="PASS" signature="Forget_password(java.lang.String, java.lang.String)[pri:0, instance:com.srd.stepdefinition.login_page_test_cases@3f49dace]" name="Forget_password" duration-ms="2" started-at="2021-03-25T12:35:45Z" finished-at="2021-03-25T12:35:45Z">
          <params>
            <param index="0">
              <value>
                <![CDATA[iqbal]]>
              </value>
            </param>
            <param index="1">
              <value>
                <![CDATA[4646]]>
              </value>
            </param>
          </params>
          <reporter-output>
          </reporter-output>
        </test-method> <!-- Forget_password -->
        <test-method status="PASS" signature="close()[pri:0, instance:com.srd.stepdefinition.login_page_test_cases@3f49dace]" name="close" is-config="true" duration-ms="259" started-at="2021-03-25T12:35:45Z" finished-at="2021-03-25T12:35:46Z">
          <reporter-output>
          </reporter-output>
        </test-method> <!-- close -->
      </class> <!-- com.srd.stepdefinition.login_page_test_cases -->
    </test> <!-- Login_testcase -->
  </suite> <!-- SRDlogistics -->
</testng-results>
